PS C:\Users\ADM91381> cd..

PS C:\Users> cd..

PS C:\> cd .\fmb-timetracker

PS C:\fmb-timetracker> # FMB TimeTracker On-Premises Deployment Script for Windows
# Updates the application with new version

param(
    [string]$InstallPath = "C:\fmb-timetracker",
    [string]$ServiceName = "FMBTimeTracker"
)

Write-Host "ЁЯЪА FMB TimeTracker Deployment (Windows)" -ForegroundColor Green
Write-Host "======================================" -ForegroundColor Green

# Check if running as Administrator
if (-NOT ([Security.Principal.WindowsPrincipal] [Security.Principal.WindowsIdentity]::GetCurrent()).IsInRole([Security.Principal.WindowsBuiltInRole] "Administrator")) {
    Write-Host "тЭМ This script must be run as Administrator" -ForegroundColor Red
    exit 1
}


# Ensure required directories exist
Write-Host "ЁЯУБ Creating required directories..." -ForegroundColor Yellow
if (-not (Test-Path "$InstallPath\logs")) {
    New-Item -ItemType Directory -Path "$InstallPath\logs" -Force | Out-Null
}
Write-Host "тЬЕ Directories created" -ForegroundColor Green

# Check for .env file
Write-Host "ЁЯФН Validating environment configuration..." -ForegroundColor Yellow
if (-not (Test-Path ".env")) {
    Write-Host "тЪая╕П .env file not found. Checking for .env.fmb-onprem..." -ForegroundColor Yellow
    if (Test-Path "fmb-onprem/.env.fmb-onprem") {
        Copy-Item "fmb-onprem/.env.fmb-onprem" ".env"
        Write-Host "тЬЕ Copied .env.fmb-onprem to .env" -ForegroundColor Green
    } else {
        Write-Host "тЭМ No environment file found. Please create .env with required configuration." -ForegroundColor Red
        exit 1
    }
} else {
    Write-Host "тЬЕ Environment file found" -ForegroundColor Green
}

# Stop PM2 processes
Write-Host "тП╣я╕П Stopping application..." -ForegroundColor Yellow
try {
    Set-Location $InstallPath
    npx pm2 stop ecosystem.config.cjs
    Write-Host "тЬЕ Application stopped" -ForegroundColor Green
} catch {
    Write-Host "тЪая╕П Could not stop PM2 processes gracefully" -ForegroundColor Yellow
}

# Update application
Write-Host "ЁЯУж Installing all dependencies..." -ForegroundColor Yellow
try {
    # Clean install to ensure all dependencies are properly installed
    Remove-Item -Path "node_modules" -Recurse -Force -ErrorAction SilentlyContinue
    Remove-Item -Path "package-lock.json" -Force -ErrorAction SilentlyContinue
    npm install --production=false
    npm audit fix --force
    Write-Host "тЬЕ All dependencies installed" -ForegroundColor Green
} catch {
    Write-Host "тЭМ Failed to install dependencies" -ForegroundColor Red
    exit 1
}

# Build application
Write-Host "ЁЯФи Building application..." -ForegroundColor Yellow
try {
    npm run build

    # Copy FMB on-premises configuration files to dist
    Write-Host "ЁЯУЛ Copying FMB configuration files..." -ForegroundColor Yellow
    if (-not (Test-Path "dist/fmb-onprem")) {
        New-Item -ItemType Directory -Path "dist/fmb-onprem" -Force | Out-Null
        New-Item -ItemType Directory -Path "dist/fmb-onprem/config" -Force | Out-Null
    }

    # Build the TypeScript files for on-prem configs
    npx tsc fmb-onprem/config/fmb-env.ts --outDir dist --target es2020 --module es2020 --moduleResolution node --allowSyntheticDefaultImports --esModuleInterop
    npx tsc fmb-onprem/config/fmb-database.ts --outDir dist --target es2020 --module es2020 --moduleResolution node --allowSyntheticDefaultImports --esModuleInterop

    # Verify build artifacts exist
    if (-not (Test-Path "dist")) {
        Write-Host "тЭМ Build directory not found" -ForegroundColor Red
        exit 1
    }

    if (-not (Test-Path "dist/index.js")) {
        Write-Host "тЭМ Server build not found" -ForegroundColor Red
        exit 1
    }

    Write-Host "тЬЕ Application built successfully" -ForegroundColor Green

    Write-Host "Installing production dependencies..." -ForegroundColor Yellow
    # Ensure production dependencies are available for the built application
    npm install --only=production
    Write-Host "тЬЕ Production dependencies installed" -ForegroundColor Green
} catch {
    Write-Host "тЭМ Build failed" -ForegroundColor Red
    Write-Host "Error: $($_.Exception.Message)" -ForegroundColor Red
    exit 1
}

# Skip cleaning dev dependencies to avoid missing Vite plugin errors
Write-Host "ЁЯУж Keeping all dependencies for Vite compatibility..." -ForegroundColor Yellow
Write-Host "тЬЕ Dependencies preserved for production build" -ForegroundColor Green

# Health check
Write-Host "ЁЯФН Running configuration health check..." -ForegroundColor Yellow
try {
    # Only validate FMB environment if actually deploying on-premises
    # For Replit deployment, skip FMB-specific validation
    $isFmbOnPrem = $env:FMB_DEPLOYMENT -eq "onprem" -and $env:NODE_ENV -eq "production"
    if ($isFmbOnPrem) {
        $env:NODE_ENV = "production"

        # Check if built config exists, otherwise use ts-node for health check
        if (Test-Path "dist/fmb-onprem/config/fmb-env.js") {
            $nodeScript = @"
import('./dist/fmb-onprem/config/fmb-env.js').then(config => {
  config.loadFmbOnPremConfig();
  console.log('тЬЕ Configuration valid');
}).catch(err => {
  console.error('тЭМ Config error:', err.message);
  process.exit(1);
});
"@
            node -e $nodeScript --input-type=module
        } else {
            # Basic FMB environment variable check
            $requiredVars = @('FMB_SESSION_SECRET', 'FMB_DB_SERVER', 'FMB_DB_NAME')
            $missing = @()
            foreach ($var in $requiredVars) {
                if (-not (Get-ChildItem Env: | Where-Object { $_.Name -eq $var })) {
                    $missing += $var
                }
            }

            if ($missing.Count -gt 0) {
                Write-Host "тЭМ Missing required FMB environment variables: $($missing -join ', ')" -ForegroundColor Red
                exit 1
            }

            Write-Host "тЬЕ FMB environment validation passed" -ForegroundColor Green
        }
    } else {
        Write-Host "тШБя╕П Replit deployment detected - skipping FMB on-prem validation" -ForegroundColor Yellow

        # Load environment variables from .env file for validation
        if (Test-Path ".env") {
            Write-Host "ЁЯУЛ Loading environment variables from .env file..." -ForegroundColor Yellow
            Get-Content ".env" | ForEach-Object {
                if ($_ -match "^([^#=]+)=(.*)$") {
                    $name = $matches[1].Trim()
                    $value = $matches[2].Trim()
                    [Environment]::SetEnvironmentVariable($name, $value, "Process")
                }
            }
        }

        # Basic validation for environment
        $basicVars = @('NODE_ENV')
        $missing = @()
        foreach ($var in $basicVars) {
            if (-not (Get-ChildItem Env: | Where-Object { $_.Name -eq $var })) {
                $missing += $var
            }
        }

        if ($missing.Count -gt 0) {
            Write-Host "тЭМ Missing basic environment variables: $($missing -join ', ')" -ForegroundColor Red
            Write-Host "ЁЯТб Tip: Ensure .env file contains NODE_ENV=production" -ForegroundColor Yellow
            exit 1
        }

        Write-Host "тЬЕ Basic environment validation passed" -ForegroundColor Green
    }

    Write-Host "тЬЕ Configuration validation completed" -ForegroundColor Green
} catch {
    Write-Host "тЭМ Configuration validation failed" -ForegroundColor Red
    Write-Host "Please check your .env file and configuration" -ForegroundColor Yellow
    exit 1
}

# Start application
Write-Host "тЦ╢я╕П Starting application..." -ForegroundColor Yellow
try {
    # Check if PM2 is available
    $pm2Version = npx pm2 --version 2>$null
    if (-not $pm2Version) {
        Write-Host "тЭМ PM2 is not available" -ForegroundColor Red
        Write-Host "Installing PM2 globally..." -ForegroundColor Yellow
        npm install -g pm2
    }

    # Stop any existing processes first
    Write-Host "ЁЯЫС Stopping any existing processes..." -ForegroundColor Yellow
    npx pm2 delete fmb-timetracker 2>$null

    # Start the application with explicit production environment
    Write-Host "ЁЯЪА Starting application with PM2..." -ForegroundColor Yellow
    npx pm2 start ecosystem.config.cjs --env production --no-daemon

    # Wait for the process to initialize
    Start-Sleep -Seconds 5

    # Check process status multiple times with retries
    $maxRetries = 6
    $retryCount = 0
    $processOnline = $false

    while ($retryCount -lt $maxRetries -and -not $processOnline) {
        $retryCount++
        Write-Host "ЁЯФН Checking process status (attempt $retryCount/$maxRetries)..." -ForegroundColor Yellow

        try {
            $processStatus = npx pm2 jlist | ConvertFrom-Json
            $appProcess = $processStatus | Where-Object { $_.name -eq "fmb-timetracker" }

            if ($appProcess) {
                $status = $appProcess.pm2_env.status
                Write-Host "ЁЯУК Process status: $status" -ForegroundColor Cyan

                if ($status -eq "online") {
                    $processOnline = $true
                    Write-Host "тЬЕ Application started successfully" -ForegroundColor Green
                } elseif ($status -eq "errored" -or $status -eq "stopped") {
                    Write-Host "тЭМ Application process failed with status: $status" -ForegroundColor Red
                    Write-Host "ЁЯУЭ Recent error logs:" -ForegroundColor Yellow
                    npx pm2 logs fmb-timetracker --lines 20 --err
                    exit 1
                } else {
                    Write-Host "тП│ Application still starting (status: $status)..." -ForegroundColor Yellow
                    Start-Sleep -Seconds 5
                }
            } else {
                Write-Host "тЭМ No process found with name 'fmb-timetracker'" -ForegroundColor Red
                npx pm2 status
                exit 1
            }
        } catch {
            Write-Host "тЪая╕П Error checking process status: $($_.Exception.Message)" -ForegroundColor Yellow
            Start-Sleep -Seconds 5
        }
    }

    if (-not $processOnline) {
        Write-Host "тЭМ Application failed to start within expected time" -ForegroundColor Red
        Write-Host "ЁЯУЭ PM2 Status:" -ForegroundColor Yellow
        npx pm2 status
        Write-Host "ЁЯУЭ Recent logs:" -ForegroundColor Yellow
        npx pm2 logs fmb-timetracker --lines 20
        exit 1
    }

} catch {
    Write-Host "тЭМ Failed to start application" -ForegroundColor Red
    Write-Host "Error: $($_.Exception.Message)" -ForegroundColor Red
    Write-Host "ЁЯУЭ PM2 Status:" -ForegroundColor Yellow
    npx pm2 status
    Write-Host "ЁЯУЭ Recent logs:" -ForegroundColor Yellow
    npx pm2 logs fmb-timetracker --lines 20
    exit 1
}

# Wait for service to be ready
Write-Host "тП│ Waiting for service to be ready..." -ForegroundColor Yellow
Start-Sleep -Seconds 15

# Verify deployment
Write-Host "ЁЯФН Verifying deployment..." -ForegroundColor Yellow
try {
    $response = Invoke-WebRequest -Uri "http://localhost:3000/api/health" -TimeoutSec 30
    if ($response.StatusCode -eq 200) {
        Write-Host "тЬЕ Deployment successful!" -ForegroundColor Green
        Write-Host "ЁЯМР Application is running on port 3000" -ForegroundColor Green
    } else {
        Write-Host "тЭМ Health check failed - HTTP Status: $($response.StatusCode)" -ForegroundColor Red
        exit 1
    }
} catch {
    Write-Host "тЭМ Deployment verification failed" -ForegroundColor Red
    Write-Host "ЁЯУЭ Check application logs: pm2 logs" -ForegroundColor Yellow
    exit 1
}

Write-Host ""
Write-Host "ЁЯУЛ Post-deployment commands:" -ForegroundColor Cyan
Write-Host "View status: npx pm2 status" -ForegroundColor White
Write-Host "View logs: npx pm2 logs" -ForegroundColor White
Write-Host "Restart if needed: npx pm2 restart ecosystem.config.cjs" -ForegroundColor White
ЁЯЪА FMB TimeTracker Deployment (Windows)
======================================
ЁЯУБ Creating required directories...
тЬЕ Directories created
ЁЯФН Validating environment configuration...
тЬЕ Environment file found
тП╣я╕П Stopping application...
[PM2] [fmb-timetracker](0) ├в┼УтАЬ
├втАЭ┼Т├втАЭтВм├втАЭтВм├втАЭтВм├втАЭтВм├втАЭ┬м├втАЭтВм├втАЭтВм├втАЭтВм├втАЭтВм├втАЭтВм├втАЭтВм├втАЭтВм├втАЭтВм├втАЭтВм├втАЭтВм├втАЭтВм├втАЭтВм├втАЭтВм├втАЭтВм├втАЭтВм├втАЭтВм├втАЭтВм├втАЭтВм├втАЭтВм├втАЭтВм├втАЭ┬м├втАЭтВм├втАЭтВм├втАЭтВм├втАЭтВм├втАЭтВм├втАЭтВм├втАЭтВм├втАЭтВм├втАЭтВм├втАЭтВм├втАЭтВм├втАЭтВм├втАЭтВм├втАЭ┬м├втАЭтВм├втАЭтВм├втАЭтВм├втАЭтВм├втАЭтВм├втАЭтВм├втАЭтВм├втАЭтВм├втАЭтВм├втАЭ┬м├втАЭтВм├втАЭтВм├втАЭтВм├втАЭтВм├втАЭтВм├втАЭтВм├втАЭтВм├втАЭтВм├втАЭтВм├втАЭ┬м├втАЭтВм├втАЭтВм├втАЭтВм├втАЭтВм├втАЭтВм├втАЭтВм├втАЭтВм├в
тАЭтВм├втАЭтВм├втАЭтВм├втАЭ┬м├втАЭтВм├втАЭтВм├втАЭтВм├втАЭтВм├втАЭтВм├втАЭтВм├втАЭтВм├втАЭтВм├втАЭ┬м├втАЭтВм├втАЭтВм├втАЭтВм├втАЭтВм├втАЭтВм├втАЭтВм├втАЭ┬м├втАЭтВм├втАЭтВм├втАЭтВм├втАЭтВм├втАЭтВм├втАЭтВм├втАЭтВм├втАЭтВм├втАЭтВм├втАЭтВм├втАЭтВм├втАЭ┬м├втАЭтВм├втАЭтВм├втАЭтВм├втАЭтВм├втАЭтВм├втАЭтВм├втАЭтВм├втАЭтВм├втАЭтВм├втАЭтВм├втАЭ┬м├втАЭтВм├втАЭтВм├втАЭтВм├втАЭтВм├втАЭтВм├втАЭтВм├втАЭтВм├втАЭтВм├втАЭтВм├втАЭтВм├втАЭ┬м├втАЭтВм├втАЭтВм├втАЭтВм├втАЭтВм├втАЭтВм├втАЭтВм├втАЭтВм├втАЭтВм├втАЭтВм├втАЭтВм├втАЭ┬м├втАЭтВм├втАЭтВм├втАЭтВм├втАЭ
тВм├втАЭтВм├втАЭтВм├втАЭтВм├втАЭтВм├втАЭтВм├втАЭтВм├втАЭ┬Р
├втАЭтАЪ id ├втАЭтАЪ name               ├втАЭтАЪ namespace   ├втАЭтАЪ version ├втАЭтАЪ mode    ├втАЭтАЪ pid      ├втАЭтАЪ uptime ├втАЭтАЪ ├втАа┬║    ├втАЭтАЪ status    ├втАЭтАЪ cpu      ├втАЭтАЪ mem      ├втАЭтАЪ user     ├втАЭтАЪ watching ├втАЭтАЪ
├втАЭ┼У├втАЭтВм├втАЭтВм├втАЭтВм├втАЭтВм├втАЭ┬╝├втАЭтВм├втАЭтВм├втАЭтВм├втАЭтВм├втАЭтВм├втАЭтВм├втАЭтВм├втАЭтВм├втАЭтВм├втАЭтВм├втАЭтВм├втАЭтВм├втАЭтВм├втАЭтВм├втАЭтВм├втАЭтВм├втАЭтВм├втАЭтВм├втАЭтВм├втАЭтВм├втАЭ┬╝├втАЭтВм├втАЭтВм├втАЭтВм├втАЭтВм├втАЭтВм├втАЭтВм├втАЭтВм├втАЭтВм├втАЭтВм├втАЭтВм├втАЭтВм├втАЭтВм├втАЭтВм├втАЭ┬╝├втАЭтВм├втАЭтВм├втАЭтВм├втАЭтВм├втАЭтВм├втАЭтВм├втАЭтВм├втАЭтВм├втАЭтВм├втАЭ┬╝├втАЭтВм├втАЭтВм├втАЭтВм├втАЭтВм├втАЭтВм├втАЭтВм├втАЭтВм├втАЭтВм├втАЭтВм├втАЭ┬╝├втАЭтВм├втАЭтВм├втАЭтВм├втАЭтВм├втАЭтВм├втАЭтВм├втАЭтВм├в
тАЭтВм├втАЭтВм├втАЭтВм├втАЭ┬╝├втАЭтВм├втАЭтВм├втАЭтВм├втАЭтВм├втАЭтВм├втАЭтВм├втАЭтВм├втАЭтВм├втАЭ┬╝├втАЭтВм├втАЭтВм├втАЭтВм├втАЭтВм├втАЭтВм├втАЭтВм├втАЭ┬╝├втАЭтВм├втАЭтВм├втАЭтВм├втАЭтВм├втАЭтВм├втАЭтВм├втАЭтВм├втАЭтВм├втАЭтВм├втАЭтВм├втАЭтВм├втАЭ┬╝├втАЭтВм├втАЭтВм├втАЭтВм├втАЭтВм├втАЭтВм├втАЭтВм├втАЭтВм├втАЭтВм├втАЭтВм├втАЭтВм├втАЭ┬╝├втАЭтВм├втАЭтВм├втАЭтВм├втАЭтВм├втАЭтВм├втАЭтВм├втАЭтВм├втАЭтВм├втАЭтВм├втАЭтВм├втАЭ┬╝├втАЭтВм├втАЭтВм├втАЭтВм├втАЭтВм├втАЭтВм├втАЭтВм├втАЭтВм├втАЭтВм├втАЭтВм├втАЭтВм├втАЭ┬╝├втАЭтВм├втАЭтВм├втАЭтВм├втАЭ
тВм├втАЭтВм├втАЭтВм├втАЭтВм├втАЭтВм├втАЭтВм├втАЭтВм├втАЭ┬д
├втАЭтАЪ 0  ├втАЭтАЪ fmb-timetracker    ├втАЭтАЪ default     ├втАЭтАЪ 1.0.0   ├втАЭтАЪ cluster ├втАЭтАЪ 0        ├втАЭтАЪ 0      ├втАЭтАЪ 9    ├втАЭтАЪ stopped   ├втАЭтАЪ 0%       ├втАЭтАЪ 0b       ├втАЭтАЪ ADM91381 ├втАЭтАЪ disabled ├втАЭтАЪ
├втАЭтАЭ├втАЭтВм├втАЭтВм├втАЭтВм├втАЭтВм├втАЭ┬┤├втАЭтВм├втАЭтВм├втАЭтВм├втАЭтВм├втАЭтВм├втАЭтВм├втАЭтВм├втАЭтВм├втАЭтВм├втАЭтВм├втАЭтВм├втАЭтВм├втАЭтВм├втАЭтВм├втАЭтВм├втАЭтВм├втАЭтВм├втАЭтВм├втАЭтВм├втАЭтВм├втАЭ┬┤├втАЭтВм├втАЭтВм├втАЭтВм├втАЭтВм├втАЭтВм├втАЭтВм├втАЭтВм├втАЭтВм├втАЭтВм├втАЭтВм├втАЭтВм├втАЭтВм├втАЭтВм├втАЭ┬┤├втАЭтВм├втАЭтВм├втАЭтВм├втАЭтВм├втАЭтВм├втАЭтВм├втАЭтВм├втАЭтВм├втАЭтВм├втАЭ┬┤├втАЭтВм├втАЭтВм├втАЭтВм├втАЭтВм├втАЭтВм├втАЭтВм├втАЭтВм├втАЭтВм├втАЭтВм├втАЭ┬┤├втАЭтВм├втАЭтВм├втАЭтВм├втАЭтВм├втАЭтВм├втАЭтВм├втАЭтВм├в
тАЭтВм├втАЭтВм├втАЭтВм├втАЭ┬┤├втАЭтВм├втАЭтВм├втАЭтВм├втАЭтВм├втАЭтВм├втАЭтВм├втАЭтВм├втАЭтВм├втАЭ┬┤├втАЭтВм├втАЭтВм├втАЭтВм├втАЭтВм├втАЭтВм├втАЭтВм├втАЭ┬┤├втАЭтВм├втАЭтВм├втАЭтВм├втАЭтВм├втАЭтВм├втАЭтВм├втАЭтВм├втАЭтВм├втАЭтВм├втАЭтВм├втАЭтВм├втАЭ┬┤├втАЭтВм├втАЭтВм├втАЭтВм├втАЭтВм├втАЭтВм├втАЭтВм├втАЭтВм├втАЭтВм├втАЭтВм├втАЭтВм├втАЭ┬┤├втАЭтВм├втАЭтВм├втАЭтВм├втАЭтВм├втАЭтВм├втАЭтВм├втАЭтВм├втАЭтВм├втАЭтВм├втАЭтВм├втАЭ┬┤├втАЭтВм├втАЭтВм├втАЭтВм├втАЭтВм├втАЭтВм├втАЭтВм├втАЭтВм├втАЭтВм├втАЭтВм├втАЭтВм├втАЭ┬┤├втАЭтВм├втАЭтВм├втАЭтВм├втАЭ
тВм├втАЭтВм├втАЭтВм├втАЭтВм├втАЭтВм├втАЭтВм├втАЭтВм├втАЭ╦Ь
тЬЕ Application stopped
ЁЯУж Installing all dependencies...
node.exe : npm warn config production Use `--omit=dev` instead.
At line:1 char:1
+ & "C:\Program Files\nodejs/node.exe" "C:\Program Files\nodejs/node_mo ...
+ ~~~~~~~~~~~~~~~~~~~~~~~~~~~~~~~~~~~~~~~~~~~~~~~~~~~~~~~~~~~~~~~~~~~~~
    + CategoryInfo          : NotSpecified: (npm warn config...t=dev` instead.:String) [], RemoteException
    + FullyQualifiedErrorId : NativeCommandError
 
npm error code ERESOLVE
npm error ERESOLVE could not resolve
npm error
npm error While resolving: vite@7.1.3
npm error Found: @types/node@20.16.11
npm error node_modules/@types/node
npm error   dev @types/node@"20.16.11" from the root project
npm error   @types/node@"*" from @types/mssql@9.1.7
npm error   node_modules/@types/mssql
npm error     @types/mssql@"^9.1.7" from the root project
npm error   12 more (@types/ws, vitest, @types/xml-encryption, @types/xml2js, ...)
npm error
npm error Could not resolve dependency:
npm error peerOptional @types/node@"^20.19.0 || >=22.12.0" from vite@7.1.3
npm error node_modules/vite
npm error   dev vite@"^7.1.3" from the root project
npm error   peer vite@"^5.2.0 || ^6 || ^7" from @tailwindcss/vite@4.1.12
npm error   node_modules/@tailwindcss/vite
npm error     dev @tailwindcss/vite@"^4.1.3" from the root project
npm error   2 more (@vitejs/plugin-react, vitest)
npm error
npm error Conflicting peer dependency: @types/node@24.3.0
npm error node_modules/@types/node
npm error   peerOptional @types/node@"^20.19.0 || >=22.12.0" from vite@7.1.3
npm error   node_modules/vite
npm error     dev vite@"^7.1.3" from the root project
npm error     peer vite@"^5.2.0 || ^6 || ^7" from @tailwindcss/vite@4.1.12
npm error     node_modules/@tailwindcss/vite
npm error       dev @tailwindcss/vite@"^4.1.3" from the root project
npm error     2 more (@vitejs/plugin-react, vitest)
npm error
npm error Fix the upstream dependency conflict, or retry
npm error this command with --force or --legacy-peer-deps
npm error to accept an incorrect (and potentially broken) dependency resolution.
npm error
npm error
npm error For a full report see:
npm error C:\Users\ADM91381\AppData\Local\npm-cache\_logs\2025-08-30T22_27_37_526Z-eresolve-report.txt
npm error A complete log of this run can be found in: C:\Users\ADM91381\AppData\Local\npm-cache\_logs\2025-08-30T22_27_37_526Z-debug-0.log
node.exe : npm warn using --force Recommended protections disabled.
At line:1 char:1
+ & "C:\Program Files\nodejs/node.exe" "C:\Program Files\nodejs/node_mo ...
+ ~~~~~~~~~~~~~~~~~~~~~~~~~~~~~~~~~~~~~~~~~~~~~~~~~~~~~~~~~~~~~~~~~~~~~
    + CategoryInfo          : NotSpecified: (npm warn using ...tions disabled.:String) [], RemoteException
    + FullyQualifiedErrorId : NativeCommandError
 
npm error code ENOLOCK
npm error audit This command requires an existing lockfile.
npm error audit Try creating one first with: npm i --package-lock-only
npm error audit Original error: loadVirtual requires existing shrinkwrap file
npm error A complete log of this run can be found in: C:\Users\ADM91381\AppData\Local\npm-cache\_logs\2025-08-30T22_28_14_407Z-debug-0.log
тЬЕ All dependencies installed
ЁЯФи Building application...

> rest-express@1.0.0 build
> vite build && esbuild server/index.ts --platform=node --packages=external --bundle --format=esm --outdir=dist

node.exe : 'vite' is not recognized as an internal or external command,
At line:1 char:1
+ & "C:\Program Files\nodejs/node.exe" "C:\Program Files\nodejs/node_mo ...
+ ~~~~~~~~~~~~~~~~~~~~~~~~~~~~~~~~~~~~~~~~~~~~~~~~~~~~~~~~~~~~~~~~~~~~~
    + CategoryInfo          : NotSpecified: ('vite' is not r...ternal command,:String) [], RemoteException
    + FullyQualifiedErrorId : NativeCommandError
 
operable program or batch file.
ЁЯУЛ Copying FMB configuration files...
fmb-onprem/config/fmb-env.ts(2,20): error TS2307: Cannot find module 'dotenv' or its corresponding type declarations.
fmb-onprem/config/fmb-env.ts(3,18): error TS2307: Cannot find module 'path' or its corresponding type declarations.
fmb-onprem/config/fmb-env.ts(8,32): error TS2580: Cannot find name 'process'. Do you need to install type definitions for node? Try `npm i --save-dev @types/node`.
fmb-onprem/config/fmb-env.ts(37,51): error TS2580: Cannot find name 'process'. Do you need to install type definitions for node? Try `npm i --save-dev @types/node`.
fmb-onprem/config/fmb-env.ts(52,15): error TS2580: Cannot find name 'process'. Do you need to install type definitions for node? Try `npm i --save-dev @types/node`.
fmb-onprem/config/fmb-env.ts(53,17): error TS2580: Cannot find name 'process'. Do you need to install type definitions for node? Try `npm i --save-dev @types/node`.
fmb-onprem/config/fmb-env.ts(54,13): error TS2580: Cannot find name 'process'. Do you need to install type definitions for node? Try `npm i --save-dev @types/node`.
fmb-onprem/config/fmb-env.ts(55,17): error TS2580: Cannot find name 'process'. Do you need to install type definitions for node? Try `npm i --save-dev @types/node`.
fmb-onprem/config/fmb-env.ts(56,22): error TS2580: Cannot find name 'process'. Do you need to install type definitions for node? Try `npm i --save-dev @types/node`.
fmb-onprem/config/fmb-env.ts(58,18): error TS2580: Cannot find name 'process'. Do you need to install type definitions for node? Try `npm i --save-dev @types/node`.
fmb-onprem/config/fmb-env.ts(59,33): error TS2580: Cannot find name 'process'. Do you need to install type definitions for node? Try `npm i --save-dev @types/node`.
fmb-onprem/config/fmb-env.ts(63,15): error TS2580: Cannot find name 'process'. Do you need to install type definitions for node? Try `npm i --save-dev @types/node`.
fmb-onprem/config/fmb-env.ts(64,13): error TS2580: Cannot find name 'process'. Do you need to install type definitions for node? Try `npm i --save-dev @types/node`.
fmb-onprem/config/fmb-env.ts(65,19): error TS2580: Cannot find name 'process'. Do you need to install type definitions for node? Try `npm i --save-dev @types/node`.
fmb-onprem/config/fmb-env.ts(66,20): error TS2580: Cannot find name 'process'. Do you need to install type definitions for node? Try `npm i --save-dev @types/node`.
fmb-onprem/config/fmb-env.ts(69,15): error TS2580: Cannot find name 'process'. Do you need to install type definitions for node? Try `npm i --save-dev @types/node`.
fmb-onprem/config/fmb-env.ts(73,22): error TS2580: Cannot find name 'process'. Do you need to install type definitions for node? Try `npm i --save-dev @types/node`.
fmb-onprem/config/fmb-env.ts(74,13): error TS2580: Cannot find name 'process'. Do you need to install type definitions for node? Try `npm i --save-dev @types/node`.
fmb-onprem/config/fmb-database.ts(1,17): error TS2307: Cannot find module 'mssql' or its corresponding type declarations.
fmb-onprem/config/fmb-database.ts(11,7): error TS2580: Cannot find name 'process'. Do you need to install type definitions for node? Try `npm i --save-dev @types/node`.
fmb-onprem/config/fmb-database.ts(12,7): error TS2580: Cannot find name 'process'. Do you need to install type definitions for node? Try `npm i --save-dev @types/node`.
fmb-onprem/config/fmb-database.ts(34,24): error TS2345: Argument of type 'number' is not assignable to parameter of type 'string'.
fmb-onprem/config/fmb-database.ts(39,32): error TS2339: Property 'encrypt' does not exist on type '{ server: any; database: any; user: any; password: any; port: number; options: { encrypt: boolean; trustSe
rverCertificate: boolean; }; }'.
fmb-onprem/config/fmb-database.ts(40,47): error TS2339: Property 'trustServerCertificate' does not exist on type '{ server: any; database: any; user: any; password: any; port: number; options: { encrypt: b
oolean; trustServerCertificate: boolean; }; }'.
fmb-onprem/config/fmb-database.ts(58,9): error TS2580: Cannot find name 'process'. Do you need to install type definitions for node? Try `npm i --save-dev @types/node`.
fmb-onprem/config/fmb-database.ts(59,9): error TS2580: Cannot find name 'process'. Do you need to install type definitions for node? Try `npm i --save-dev @types/node`.
fmb-onprem/config/fmb-database.ts(71,9): error TS2580: Cannot find name 'process'. Do you need to install type definitions for node? Try `npm i --save-dev @types/node`.
fmb-onprem/config/fmb-database.ts(72,9): error TS2580: Cannot find name 'process'. Do you need to install type definitions for node? Try `npm i --save-dev @types/node`.
fmb-onprem/config/fmb-database.ts(97,34): error TS2339: Property 'encrypt' does not exist on type '{ server: any; database: any; user: any; password: any; port: number; options: { encrypt: boolean; trustSe
rverCertificate: boolean; }; }'.
fmb-onprem/config/fmb-database.ts(98,49): error TS2339: Property 'trustServerCertificate' does not exist on type '{ server: any; database: any; user: any; password: any; port: number; options: { encrypt: b
oolean; trustServerCertificate: boolean; }; }'.
fmb-onprem/config/fmb-database.ts(111,10): error TS2352: Conversion of type 'FmbStorage' to type 'IStorage' may be a mistake because neither type sufficiently overlaps with the other. If this was intention
al, convert the expression to 'unknown' first.
  Type 'FmbStorage' is missing the following properties from type 'IStorage': getUsers, getUserById, createUser, updateUser, and 8 more.
fmb-onprem/config/fmb-env.ts(2,20): error TS2307: Cannot find module 'dotenv' or its corresponding type declarations.
fmb-onprem/config/fmb-env.ts(3,18): error TS2307: Cannot find module 'path' or its corresponding type declarations.
fmb-onprem/config/fmb-env.ts(8,32): error TS2580: Cannot find name 'process'. Do you need to install type definitions for node? Try `npm i --save-dev @types/node`.
fmb-onprem/config/fmb-env.ts(37,51): error TS2580: Cannot find name 'process'. Do you need to install type definitions for node? Try `npm i --save-dev @types/node`.
fmb-onprem/config/fmb-env.ts(52,15): error TS2580: Cannot find name 'process'. Do you need to install type definitions for node? Try `npm i --save-dev @types/node`.
fmb-onprem/config/fmb-env.ts(53,17): error TS2580: Cannot find name 'process'. Do you need to install type definitions for node? Try `npm i --save-dev @types/node`.
fmb-onprem/config/fmb-env.ts(54,13): error TS2580: Cannot find name 'process'. Do you need to install type definitions for node? Try `npm i --save-dev @types/node`.
fmb-onprem/config/fmb-env.ts(55,17): error TS2580: Cannot find name 'process'. Do you need to install type definitions for node? Try `npm i --save-dev @types/node`.
fmb-onprem/config/fmb-env.ts(56,22): error TS2580: Cannot find name 'process'. Do you need to install type definitions for node? Try `npm i --save-dev @types/node`.
fmb-onprem/config/fmb-env.ts(58,18): error TS2580: Cannot find name 'process'. Do you need to install type definitions for node? Try `npm i --save-dev @types/node`.
fmb-onprem/config/fmb-env.ts(59,33): error TS2580: Cannot find name 'process'. Do you need to install type definitions for node? Try `npm i --save-dev @types/node`.
fmb-onprem/config/fmb-env.ts(63,15): error TS2580: Cannot find name 'process'. Do you need to install type definitions for node? Try `npm i --save-dev @types/node`.
fmb-onprem/config/fmb-env.ts(64,13): error TS2580: Cannot find name 'process'. Do you need to install type definitions for node? Try `npm i --save-dev @types/node`.
fmb-onprem/config/fmb-env.ts(65,19): error TS2580: Cannot find name 'process'. Do you need to install type definitions for node? Try `npm i --save-dev @types/node`.
fmb-onprem/config/fmb-env.ts(66,20): error TS2580: Cannot find name 'process'. Do you need to install type definitions for node? Try `npm i --save-dev @types/node`.
fmb-onprem/config/fmb-env.ts(69,15): error TS2580: Cannot find name 'process'. Do you need to install type definitions for node? Try `npm i --save-dev @types/node`.
fmb-onprem/config/fmb-env.ts(73,22): error TS2580: Cannot find name 'process'. Do you need to install type definitions for node? Try `npm i --save-dev @types/node`.
fmb-onprem/config/fmb-env.ts(74,13): error TS2580: Cannot find name 'process'. Do you need to install type definitions for node? Try `npm i --save-dev @types/node`.
fmb-onprem/storage/fmb-storage.ts(1,17): error TS2307: Cannot find module 'mssql' or its corresponding type declarations.
fmb-onprem/storage/fmb-storage.ts(151,18): error TS2551: Property 'firstName' does not exist on type 'UpsertUser'. Did you mean 'first_name'?
fmb-onprem/storage/fmb-storage.ts(151,38): error TS2551: Property 'lastName' does not exist on type 'UpsertUser'. Did you mean 'last_name'?
fmb-onprem/storage/fmb-storage.ts(151,57): error TS2551: Property 'profileImageUrl' does not exist on type 'UpsertUser'. Did you mean 'profile_image_url'?
fmb-onprem/storage/fmb-storage.ts(152,33): error TS2551: Property 'organizationId' does not exist on type 'UpsertUser'. Did you mean 'organization_id'?
fmb-onprem/storage/fmb-storage.ts(166,62): error TS2551: Property 'firstName' does not exist on type 'UpsertUser'. Did you mean 'first_name'?
fmb-onprem/storage/fmb-storage.ts(167,61): error TS2551: Property 'lastName' does not exist on type 'UpsertUser'. Did you mean 'last_name'?
fmb-onprem/storage/fmb-storage.ts(168,72): error TS2551: Property 'profileImageUrl' does not exist on type 'UpsertUser'. Did you mean 'profile_image_url'?
fmb-onprem/storage/fmb-storage.ts(170,67): error TS2551: Property 'organizationId' does not exist on type 'UpsertUser'. Did you mean 'organization_id'?
fmb-onprem/storage/fmb-storage.ts(179,9): error TS2416: Property 'getOrganizations' in type 'FmbStorage' is not assignable to the same property in base type 'IStorage'.
  Type '(userId: string) => Promise<OrganizationWithDepartments[]>' is not assignable to type '() => Promise<Organization[]>'.
    Target signature provides too few arguments. Expected 1 or more, but got 0.
fmb-onprem/storage/fmb-storage.ts(198,59): error TS2551: Property 'userId' does not exist on type 'InsertOrganization'. Did you mean 'user_id'?
fmb-onprem/storage/fmb-storage.ts(205,9): error TS2416: Property 'getProjects' in type 'FmbStorage' is not assignable to the same property in base type 'IStorage'.
  Type '(userId: string) => Promise<Project[]>' is not assignable to type '() => Promise<Project[]>'.
    Target signature provides too few arguments. Expected 1 or more, but got 0.
fmb-onprem/storage/fmb-storage.ts(245,19): error TS2551: Property 'organizationId' does not exist on type 'InsertProject'. Did you mean 'organization_id'?
fmb-onprem/storage/fmb-storage.ts(245,47): error TS2551: Property 'departmentId' does not exist on type 'InsertProject'. Did you mean 'department_id'?
fmb-onprem/storage/fmb-storage.ts(245,73): error TS2551: Property 'managerId' does not exist on type 'InsertProject'. Did you mean 'manager_id'?
fmb-onprem/storage/fmb-storage.ts(245,96): error TS2551: Property 'userId' does not exist on type 'InsertProject'. Did you mean 'user_id'?
fmb-onprem/storage/fmb-storage.ts(246,19): error TS2551: Property 'startDate' does not exist on type 'InsertProject'. Did you mean 'start_date'?
fmb-onprem/storage/fmb-storage.ts(246,42): error TS2551: Property 'endDate' does not exist on type 'InsertProject'. Did you mean 'end_date'?
fmb-onprem/storage/fmb-storage.ts(246,83): error TS2551: Property 'projectNumber' does not exist on type 'InsertProject'. Did you mean 'project_number'?
fmb-onprem/storage/fmb-storage.ts(247,19): error TS2551: Property 'isEnterpriseWide' does not exist on type 'InsertProject'. Did you mean 'is_enterprise_wide'?
fmb-onprem/storage/fmb-storage.ts(247,58): error TS2551: Property 'isTemplate' does not exist on type 'InsertProject'. Did you mean 'is_template'?
fmb-onprem/storage/fmb-storage.ts(248,19): error TS2551: Property 'allowTimeTracking' does not exist on type 'InsertProject'. Did you mean 'allow_time_tracking'?
fmb-onprem/storage/fmb-storage.ts(248,60): error TS2551: Property 'requireTaskSelection' does not exist on type 'InsertProject'. Did you mean 'require_task_selection'?
fmb-onprem/storage/fmb-storage.ts(249,19): error TS2551: Property 'enableBudgetTracking' does not exist on type 'InsertProject'. Did you mean 'enable_budget_tracking'?
fmb-onprem/storage/fmb-storage.ts(249,62): error TS2551: Property 'enableBilling' does not exist on type 'InsertProject'. Did you mean 'enable_billing'?
fmb-onprem/storage/fmb-storage.ts(297,9): error TS2416: Property 'getTasks' in type 'FmbStorage' is not assignable to the same property in base type 'IStorage'.
  Type '(userId: string) => Promise<TaskWithProject[]>' is not assignable to type '() => Promise<Task[]>'.
    Target signature provides too few arguments. Expected 1 or more, but got 0.
fmb-onprem/storage/fmb-storage.ts(326,24): error TS2551: Property 'projectId' does not exist on type 'InsertTask'. Did you mean 'project_id'?
fmb-onprem/storage/fmb-storage.ts(327,77): error TS2551: Property 'assignedTo' does not exist on type 'InsertTask'. Did you mean 'assigned_to'?
fmb-onprem/storage/fmb-storage.ts(328,16): error TS2551: Property 'createdBy' does not exist on type 'InsertTask'. Did you mean 'created_by'?
fmb-onprem/storage/fmb-storage.ts(328,36): error TS2551: Property 'dueDate' does not exist on type 'InsertTask'. Did you mean 'due_date'?
fmb-onprem/storage/fmb-storage.ts(328,54): error TS2551: Property 'estimatedHours' does not exist on type 'InsertTask'. Did you mean 'estimated_hours'?
fmb-onprem/storage/fmb-storage.ts(375,9): error TS2416: Property 'getTimeEntries' in type 'FmbStorage' is not assignable to the same property in base type 'IStorage'.
  Type '(userId: string) => Promise<TimeEntryWithProject[]>' is not assignable to type '() => Promise<TimeEntry[]>'.
    Target signature provides too few arguments. Expected 1 or more, but got 0.
fmb-onprem/storage/fmb-storage.ts(413,30): error TS2551: Property 'userId' does not exist on type 'InsertTimeEntry'. Did you mean 'user_id'?
fmb-onprem/storage/fmb-storage.ts(413,52): error TS2551: Property 'projectId' does not exist on type 'InsertTimeEntry'. Did you mean 'project_id'?
fmb-onprem/storage/fmb-storage.ts(413,77): error TS2551: Property 'taskId' does not exist on type 'InsertTimeEntry'. Did you mean 'task_id'?
fmb-onprem/storage/fmb-storage.ts(415,41): error TS2551: Property 'startTime' does not exist on type 'InsertTimeEntry'. Did you mean 'start_time'?
fmb-onprem/storage/fmb-storage.ts(415,66): error TS2551: Property 'endTime' does not exist on type 'InsertTimeEntry'. Did you mean 'end_time'?
fmb-onprem/storage/fmb-storage.ts(417,21): error TS2551: Property 'isBillable' does not exist on type 'InsertTimeEntry'. Did you mean 'is_billable'?
fmb-onprem/storage/fmb-storage.ts(417,56): error TS2551: Property 'isApproved' does not exist on type 'InsertTimeEntry'. Did you mean 'is_approved'?
fmb-onprem/storage/fmb-storage.ts(418,21): error TS2551: Property 'isManualEntry' does not exist on type 'InsertTimeEntry'. Did you mean 'is_manual_entry'?
fmb-onprem/storage/fmb-storage.ts(418,60): error TS2551: Property 'isTimerEntry' does not exist on type 'InsertTimeEntry'. Did you mean 'is_timer_entry'?
fmb-onprem/storage/fmb-storage.ts(419,21): error TS2551: Property 'isTemplate' does not exist on type 'InsertTimeEntry'. Did you mean 'is_template'?
fmb-onprem/storage/fmb-storage.ts(466,9): error TS2416: Property 'getEmployees' in type 'FmbStorage' is not assignable to the same property in base type 'IStorage'.
  Type '(userId: string) => Promise<Employee[]>' is not assignable to type '() => Promise<Employee[]>'.
    Target signature provides too few arguments. Expected 1 or more, but got 0.
fmb-onprem/storage/fmb-storage.ts(482,27): error TS2551: Property 'employeeId' does not exist on type 'InsertEmployee'. Did you mean 'employee_id'?
fmb-onprem/storage/fmb-storage.ts(482,52): error TS2551: Property 'firstName' does not exist on type 'InsertEmployee'. Did you mean 'first_name'?
fmb-onprem/storage/fmb-storage.ts(483,20): error TS2551: Property 'lastName' does not exist on type 'InsertEmployee'. Did you mean 'last_name'?
fmb-onprem/storage/fmb-storage.ts(483,68): error TS2551: Property 'userId' does not exist on type 'InsertEmployee'. Did you mean 'user_id'?
fmb-onprem/storage/fmb-storage.ts(530,9): error TS2416: Property 'getDepartments' in type 'FmbStorage' is not assignable to the same property in base type 'IStorage'.
  Type '(userId: string) => Promise<DepartmentWithManager[]>' is not assignable to type '() => Promise<Department[]>'.
    Target signature provides too few arguments. Expected 1 or more, but got 0.
fmb-onprem/storage/fmb-storage.ts(551,39): error TS2551: Property 'organizationId' does not exist on type 'InsertDepartment'. Did you mean 'organization_id'?
fmb-onprem/storage/fmb-storage.ts(551,64): error TS2551: Property 'managerId' does not exist on type 'InsertDepartment'. Did you mean 'manager_id'?
fmb-onprem/storage/fmb-storage.ts(552,38): error TS2551: Property 'userId' does not exist on type 'InsertDepartment'. Did you mean 'user_id'?
server/storage.ts(91,16): error TS2304: Cannot find name 'db'.
server/storage.ts(92,20): error TS2304: Cannot find name 'db'.
server/storage.ts(98,16): error TS2304: Cannot find name 'db'.
server/storage.ts(99,20): error TS2304: Cannot find name 'db'.
server/storage.ts(105,16): error TS2304: Cannot find name 'db'.
server/storage.ts(106,20): error TS2304: Cannot find name 'db'.
server/storage.ts(112,16): error TS2304: Cannot find name 'db'.
server/storage.ts(113,20): error TS2304: Cannot find name 'db'.
server/storage.ts(119,16): error TS2304: Cannot find name 'db'.
server/storage.ts(120,20): error TS2304: Cannot find name 'db'.
server/storage.ts(126,16): error TS2304: Cannot find name 'db'.
server/storage.ts(127,13): error TS2304: Cannot find name 'db'.
server/storage.ts(133,16): error TS2304: Cannot find name 'db'.
server/storage.ts(134,20): error TS2304: Cannot find name 'db'.
server/storage.ts(140,16): error TS2304: Cannot find name 'db'.
server/storage.ts(141,20): error TS2304: Cannot find name 'db'.
server/storage.ts(147,16): error TS2304: Cannot find name 'db'.
server/storage.ts(148,20): error TS2304: Cannot find name 'db'.
server/storage.ts(154,16): error TS2304: Cannot find name 'db'.
server/storage.ts(155,20): error TS2304: Cannot find name 'db'.
server/storage.ts(161,16): error TS2304: Cannot find name 'db'.
server/storage.ts(162,13): error TS2304: Cannot find name 'db'.
server/storage.ts(168,16): error TS2304: Cannot find name 'db'.
server/storage.ts(169,20): error TS2304: Cannot find name 'db'.
server/storage.ts(175,16): error TS2304: Cannot find name 'db'.
server/storage.ts(176,20): error TS2304: Cannot find name 'db'.
server/storage.ts(182,16): error TS2304: Cannot find name 'db'.
server/storage.ts(183,20): error TS2304: Cannot find name 'db'.
server/storage.ts(189,16): error TS2304: Cannot find name 'db'.
server/storage.ts(190,20): error TS2304: Cannot find name 'db'.
server/storage.ts(196,16): error TS2304: Cannot find name 'db'.
server/storage.ts(197,20): error TS2304: Cannot find name 'db'.
server/storage.ts(203,16): error TS2304: Cannot find name 'db'.
server/storage.ts(204,13): error TS2304: Cannot find name 'db'.
server/storage.ts(210,16): error TS2304: Cannot find name 'db'.
server/storage.ts(211,20): error TS2304: Cannot find name 'db'.
server/storage.ts(217,16): error TS2304: Cannot find name 'db'.
server/storage.ts(218,20): error TS2304: Cannot find name 'db'.
server/storage.ts(224,16): error TS2304: Cannot find name 'db'.
server/storage.ts(225,20): error TS2304: Cannot find name 'db'.
server/storage.ts(231,16): error TS2304: Cannot find name 'db'.
server/storage.ts(232,20): error TS2304: Cannot find name 'db'.
server/storage.ts(238,16): error TS2304: Cannot find name 'db'.
server/storage.ts(239,20): error TS2304: Cannot find name 'db'.
server/storage.ts(245,16): error TS2304: Cannot find name 'db'.
server/storage.ts(246,20): error TS2304: Cannot find name 'db'.
server/storage.ts(252,16): error TS2304: Cannot find name 'db'.
server/storage.ts(253,13): error TS2304: Cannot find name 'db'.
shared/schema.ts(5,19): error TS2307: Cannot find module 'zod' or its corresponding type declarations.
тЬЕ Application built successfully
Installing production dependencies...
node.exe : npm warn config only Use `--omit=dev` to omit dev dependencies from the install.
At line:1 char:1
+ & "C:\Program Files\nodejs/node.exe" "C:\Program Files\nodejs/node_mo ...
+ ~~~~~~~~~~~~~~~~~~~~~~~~~~~~~~~~~~~~~~~~~~~~~~~~~~~~~~~~~~~~~~~~~~~~~
    + CategoryInfo          : NotSpecified: (npm warn config...om the install.:String) [], RemoteException
    + FullyQualifiedErrorId : NativeCommandError
 
npm error code ERESOLVE
npm error ERESOLVE could not resolve
npm error
npm error While resolving: vite@7.1.3
npm error Found: @types/node@20.16.11
npm error node_modules/@types/node
npm error   dev @types/node@"20.16.11" from the root project
npm error   @types/node@"*" from @types/mssql@9.1.7
npm error   node_modules/@types/mssql
npm error     @types/mssql@"^9.1.7" from the root project
npm error   12 more (@types/ws, vitest, @types/xml-encryption, @types/xml2js, ...)
npm error
npm error Could not resolve dependency:
npm error peerOptional @types/node@"^20.19.0 || >=22.12.0" from vite@7.1.3
npm error node_modules/vite
npm error   dev vite@"^7.1.3" from the root project
npm error   peer vite@"^5.2.0 || ^6 || ^7" from @tailwindcss/vite@4.1.12
npm error   node_modules/@tailwindcss/vite
npm error     dev @tailwindcss/vite@"^4.1.3" from the root project
npm error   2 more (@vitejs/plugin-react, vitest)
npm error
npm error Conflicting peer dependency: @types/node@24.3.0
npm error node_modules/@types/node
npm error   peerOptional @types/node@"^20.19.0 || >=22.12.0" from vite@7.1.3
npm error   node_modules/vite
npm error     dev vite@"^7.1.3" from the root project
npm error     peer vite@"^5.2.0 || ^6 || ^7" from @tailwindcss/vite@4.1.12
npm error     node_modules/@tailwindcss/vite
npm error       dev @tailwindcss/vite@"^4.1.3" from the root project
npm error     2 more (@vitejs/plugin-react, vitest)
npm error
npm error Fix the upstream dependency conflict, or retry
npm error this command with --force or --legacy-peer-deps
npm error to accept an incorrect (and potentially broken) dependency resolution.
npm error
npm error
npm error For a full report see:
npm error C:\Users\ADM91381\AppData\Local\npm-cache\_logs\2025-08-30T22_28_21_812Z-eresolve-report.txt
npm error A complete log of this run can be found in: C:\Users\ADM91381\AppData\Local\npm-cache\_logs\2025-08-30T22_28_21_812Z-debug-0.log
тЬЕ Production dependencies installed
ЁЯУж Keeping all dependencies for Vite compatibility...
тЬЕ Dependencies preserved for production build
ЁЯФН Running configuration health check...
тШБя╕П Replit deployment detected - skipping FMB on-prem validation
ЁЯУЛ Loading environment variables from .env file...
тЬЕ Basic environment validation passed
тЬЕ Configuration validation completed
тЦ╢я╕П Starting application...
ЁЯЫС Stopping any existing processes...
[PM2] Applying action deleteProcessId on app [fmb-timetracker](ids: [ 0 ])
[PM2] [fmb-timetracker](0) ├в┼УтАЬ
├втАЭ┼Т├втАЭтВм├втАЭтВм├втАЭтВм├втАЭтВм├втАЭ┬м├втАЭтВм├втАЭтВм├втАЭтВм├втАЭтВм├втАЭтВм├втАЭтВм├втАЭтВм├втАЭтВм├втАЭтВм├втАЭтВм├втАЭтВм├втАЭ┬м├втАЭтВм├втАЭтВм├втАЭтВм├втАЭтВм├втАЭтВм├втАЭтВм├втАЭтВм├втАЭтВм├втАЭтВм├втАЭтВм├втАЭтВм├втАЭтВм├втАЭтВм├втАЭ┬м├втАЭтВм├втАЭтВм├втАЭтВм├втАЭтВм├втАЭтВм├втАЭтВм├втАЭтВм├втАЭтВм├втАЭтВм├втАЭ┬м├втАЭтВм├втАЭтВм├втАЭтВм├втАЭтВм├втАЭтВм├втАЭтВм├втАЭтВм├втАЭтВм├втАЭтВм├втАЭ┬м├втАЭтВм├втАЭтВм├втАЭтВм├втАЭтВм├втАЭтВм├втАЭтВм├втАЭтВм├втАЭтВм├втАЭтВм├втАЭтВм├втАЭ┬м├втАЭтВм├втАЭтВм├втАЭтВм├втАЭтВм├втАЭтВм├в
тАЭтВм├втАЭтВм├втАЭтВм├втАЭ┬м├втАЭтВм├втАЭтВм├втАЭтВм├втАЭтВм├втАЭтВм├втАЭтВм├втАЭ┬м├втАЭтВм├втАЭтВм├втАЭтВм├втАЭтВм├втАЭтВм├втАЭтВм├втАЭтВм├втАЭтВм├втАЭтВм├втАЭтВм├втАЭтВм├втАЭ┬м├втАЭтВм├втАЭтВм├втАЭтВм├втАЭтВм├втАЭтВм├втАЭтВм├втАЭтВм├втАЭтВм├втАЭтВм├втАЭтВм├втАЭ┬м├втАЭтВм├втАЭтВм├втАЭтВм├втАЭтВм├втАЭтВм├втАЭтВм├втАЭтВм├втАЭтВм├втАЭтВм├втАЭтВм├втАЭ┬м├втАЭтВм├втАЭтВм├втАЭтВм├втАЭтВм├втАЭтВм├втАЭтВм├втАЭтВм├втАЭтВм├втАЭтВм├втАЭтВм├втАЭ┬м├втАЭтВм├втАЭтВм├втАЭтВм├втАЭтВм├втАЭтВм├втАЭтВм├втАЭтВм├втАЭтВм├втАЭтВм├втАЭтВм├втАЭ┬Р
├втАЭтАЪ id ├втАЭтАЪ name      ├втАЭтАЪ namespace   ├втАЭтАЪ version ├втАЭтАЪ mode    ├втАЭтАЪ pid      ├втАЭтАЪ uptime ├втАЭтАЪ ├втАа┬║    ├втАЭтАЪ status    ├втАЭтАЪ cpu      ├втАЭтАЪ mem      ├втАЭтАЪ user     ├втАЭтАЪ watching ├втАЭтАЪ
├втАЭтАЭ├втАЭтВм├втАЭтВм├втАЭтВм├втАЭтВм├втАЭ┬┤├втАЭтВм├втАЭтВм├втАЭтВм├втАЭтВм├втАЭтВм├втАЭтВм├втАЭтВм├втАЭтВм├втАЭтВм├втАЭтВм├втАЭтВм├втАЭ┬┤├втАЭтВм├втАЭтВм├втАЭтВм├втАЭтВм├втАЭтВм├втАЭтВм├втАЭтВм├втАЭтВм├втАЭтВм├втАЭтВм├втАЭтВм├втАЭтВм├втАЭтВм├втАЭ┬┤├втАЭтВм├втАЭтВм├втАЭтВм├втАЭтВм├втАЭтВм├втАЭтВм├втАЭтВм├втАЭтВм├втАЭтВм├втАЭ┬┤├втАЭтВм├втАЭтВм├втАЭтВм├втАЭтВм├втАЭтВм├втАЭтВм├втАЭтВм├втАЭтВм├втАЭтВм├втАЭ┬┤├втАЭтВм├втАЭтВм├втАЭтВм├втАЭтВм├втАЭтВм├втАЭтВм├втАЭтВм├втАЭтВм├втАЭтВм├втАЭтВм├втАЭ┬┤├втАЭтВм├втАЭтВм├втАЭтВм├втАЭтВм├втАЭтВм├в
тАЭтВм├втАЭтВм├втАЭтВм├втАЭ┬┤├втАЭтВм├втАЭтВм├втАЭтВм├втАЭтВм├втАЭтВм├втАЭтВм├втАЭ┬┤├втАЭтВм├втАЭтВм├втАЭтВм├втАЭтВм├втАЭтВм├втАЭтВм├втАЭтВм├втАЭтВм├втАЭтВм├втАЭтВм├втАЭтВм├втАЭ┬┤├втАЭтВм├втАЭтВм├втАЭтВм├втАЭтВм├втАЭтВм├втАЭтВм├втАЭтВм├втАЭтВм├втАЭтВм├втАЭтВм├втАЭ┬┤├втАЭтВм├втАЭтВм├втАЭтВм├втАЭтВм├втАЭтВм├втАЭтВм├втАЭтВм├втАЭтВм├втАЭтВм├втАЭтВм├втАЭ┬┤├втАЭтВм├втАЭтВм├втАЭтВм├втАЭтВм├втАЭтВм├втАЭтВм├втАЭтВм├втАЭтВм├втАЭтВм├втАЭтВм├втАЭ┬┤├втАЭтВм├втАЭтВм├втАЭтВм├втАЭтВм├втАЭтВм├втАЭтВм├втАЭтВм├втАЭтВм├втАЭтВм├втАЭтВм├втАЭ╦Ь
ЁЯЪА Starting application with PM2...
pm2 launched in no-daemon mode (you can add DEBUG="*" env variable to get more messages)
[PM2][WARN] Applications fmb-timetracker not running, starting...
[PM2][WARN] Environment [production] is not defined in process file
[PM2] App [fmb-timetracker] launched (1 instances)
├втАЭ┼Т├втАЭтВм├втАЭтВм├втАЭтВм├втАЭтВм├втАЭ┬м├втАЭтВм├втАЭтВм├втАЭтВм├втАЭтВм├втАЭтВм├втАЭтВм├втАЭтВм├втАЭтВм├втАЭтВм├втАЭтВм├втАЭтВм├втАЭтВм├втАЭтВм├втАЭтВм├втАЭтВм├втАЭтВм├втАЭтВм├втАЭтВм├втАЭтВм├втАЭтВм├втАЭ┬м├втАЭтВм├втАЭтВм├втАЭтВм├втАЭтВм├втАЭтВм├втАЭтВм├втАЭтВм├втАЭтВм├втАЭтВм├втАЭтВм├втАЭтВм├втАЭтВм├втАЭтВм├втАЭ┬м├втАЭтВм├втАЭтВм├втАЭтВм├втАЭтВм├втАЭтВм├втАЭтВм├втАЭтВм├втАЭтВм├втАЭтВм├втАЭ┬м├втАЭтВм├втАЭтВм├втАЭтВм├втАЭтВм├втАЭтВм├втАЭтВм├втАЭтВм├втАЭтВм├втАЭтВм├втАЭ┬м├втАЭтВм├втАЭтВм├втАЭтВм├втАЭтВм├втАЭтВм├втАЭтВм├втАЭтВм├в
тАЭтВм├втАЭтВм├втАЭтВм├втАЭ┬м├втАЭтВм├втАЭтВм├втАЭтВм├втАЭтВм├втАЭтВм├втАЭтВм├втАЭтВм├втАЭтВм├втАЭ┬м├втАЭтВм├втАЭтВм├втАЭтВм├втАЭтВм├втАЭтВм├втАЭтВм├втАЭ┬м├втАЭтВм├втАЭтВм├втАЭтВм├втАЭтВм├втАЭтВм├втАЭтВм├втАЭтВм├втАЭтВм├втАЭтВм├втАЭтВм├втАЭтВм├втАЭ┬м├втАЭтВм├втАЭтВм├втАЭтВм├втАЭтВм├втАЭтВм├втАЭтВм├втАЭтВм├втАЭтВм├втАЭтВм├втАЭтВм├втАЭ┬м├втАЭтВм├втАЭтВм├втАЭтВм├втАЭтВм├втАЭтВм├втАЭтВм├втАЭтВм├втАЭтВм├втАЭтВм├втАЭтВм├втАЭ┬м├втАЭтВм├втАЭтВм├втАЭтВм├втАЭтВм├втАЭтВм├втАЭтВм├втАЭтВм├втАЭтВм├втАЭтВм├втАЭтВм├втАЭ┬м├втАЭтВм├втАЭтВм├втАЭтВм├втАЭ
тВм├втАЭтВм├втАЭтВм├втАЭтВм├втАЭтВм├втАЭтВм├втАЭтВм├втАЭ┬Р
├втАЭтАЪ id ├втАЭтАЪ name               ├втАЭтАЪ namespace   ├втАЭтАЪ version ├втАЭтАЪ mode    ├втАЭтАЪ pid      ├втАЭтАЪ uptime ├втАЭтАЪ ├втАа┬║    ├втАЭтАЪ status    ├втАЭтАЪ cpu      ├втАЭтАЪ mem      ├втАЭтАЪ user     ├втАЭтАЪ watching ├втАЭтАЪ
├втАЭ┼У├втАЭтВм├втАЭтВм├втАЭтВм├втАЭтВм├втАЭ┬╝├втАЭтВм├втАЭтВм├втАЭтВм├втАЭтВм├втАЭтВм├втАЭтВм├втАЭтВм├втАЭтВм├втАЭтВм├втАЭтВм├втАЭтВм├втАЭтВм├втАЭтВм├втАЭтВм├втАЭтВм├втАЭтВм├втАЭтВм├втАЭтВм├втАЭтВм├втАЭтВм├втАЭ┬╝├втАЭтВм├втАЭтВм├втАЭтВм├втАЭтВм├втАЭтВм├втАЭтВм├втАЭтВм├втАЭтВм├втАЭтВм├втАЭтВм├втАЭтВм├втАЭтВм├втАЭтВм├втАЭ┬╝├втАЭтВм├втАЭтВм├втАЭтВм├втАЭтВм├втАЭтВм├втАЭтВм├втАЭтВм├втАЭтВм├втАЭтВм├втАЭ┬╝├втАЭтВм├втАЭтВм├втАЭтВм├втАЭтВм├втАЭтВм├втАЭтВм├втАЭтВм├втАЭтВм├втАЭтВм├втАЭ┬╝├втАЭтВм├втАЭтВм├втАЭтВм├втАЭтВм├втАЭтВм├втАЭтВм├втАЭтВм├в
тАЭтВм├втАЭтВм├втАЭтВм├втАЭ┬╝├втАЭтВм├втАЭтВм├втАЭтВм├втАЭтВм├втАЭтВм├втАЭтВм├втАЭтВм├втАЭтВм├втАЭ┬╝├втАЭтВм├втАЭтВм├втАЭтВм├втАЭтВм├втАЭтВм├втАЭтВм├втАЭ┬╝├втАЭтВм├втАЭтВм├втАЭтВм├втАЭтВм├втАЭтВм├втАЭтВм├втАЭтВм├втАЭтВм├втАЭтВм├втАЭтВм├втАЭтВм├втАЭ┬╝├втАЭтВм├втАЭтВм├втАЭтВм├втАЭтВм├втАЭтВм├втАЭтВм├втАЭтВм├втАЭтВм├втАЭтВм├втАЭтВм├втАЭ┬╝├втАЭтВм├втАЭтВм├втАЭтВм├втАЭтВм├втАЭтВм├втАЭтВм├втАЭтВм├втАЭтВм├втАЭтВм├втАЭтВм├втАЭ┬╝├втАЭтВм├втАЭтВм├втАЭтВм├втАЭтВм├втАЭтВм├втАЭтВм├втАЭтВм├втАЭтВм├втАЭтВм├втАЭтВм├втАЭ┬╝├втАЭтВм├втАЭтВм├втАЭтВм├втАЭ
тВм├втАЭтВм├втАЭтВм├втАЭтВм├втАЭтВм├втАЭтВм├втАЭтВм├втАЭ┬д
├втАЭтАЪ 0  ├втАЭтАЪ fmb-timetracker    ├втАЭтАЪ default     ├втАЭтАЪ 1.0.0   ├втАЭтАЪ cluster ├втАЭтАЪ 20432    ├втАЭтАЪ 0      ├втАЭтАЪ 0    ├втАЭтАЪ waiting ├втВм┬ж ├втАЭтАЪ 0%       ├втАЭтАЪ 0b       ├втАЭтАЪ ADM91381 ├втАЭтАЪ disabled ├втАЭтАЪ
├втАЭтАЭ├втАЭтВм├втАЭтВм├втАЭтВм├втАЭтВм├втАЭ┬┤├втАЭтВм├втАЭтВм├втАЭтВм├втАЭтВм├втАЭтВм├втАЭтВм├втАЭтВм├втАЭтВм├втАЭтВм├втАЭтВм├втАЭтВм├втАЭтВм├втАЭтВм├втАЭтВм├втАЭтВм├втАЭтВм├втАЭтВм├втАЭтВм├втАЭтВм├втАЭтВм├втАЭ┬┤├втАЭтВм├втАЭтВм├втАЭтВм├втАЭтВм├втАЭтВм├втАЭтВм├втАЭтВм├втАЭтВм├втАЭтВм├втАЭтВм├втАЭтВм├втАЭтВм├втАЭтВм├втАЭ┬┤├втАЭтВм├втАЭтВм├втАЭтВм├втАЭтВм├втАЭтВм├втАЭтВм├втАЭтВм├втАЭтВм├втАЭтВм├втАЭ┬┤├втАЭтВм├втАЭтВм├втАЭтВм├втАЭтВм├втАЭтВм├втАЭтВм├втАЭтВм├втАЭтВм├втАЭтВм├втАЭ┬┤├втАЭтВм├втАЭтВм├втАЭтВм├втАЭтВм├втАЭтВм├втАЭтВм├втАЭтВм├в
тАЭтВм├втАЭтВм├втАЭтВм├втАЭ┬┤├втАЭтВм├втАЭтВм├втАЭтВм├втАЭтВм├втАЭтВм├втАЭтВм├втАЭтВм├втАЭтВм├втАЭ┬┤├втАЭтВм├втАЭтВм├втАЭтВм├втАЭтВм├втАЭтВм├втАЭтВм├втАЭ┬┤├втАЭтВм├втАЭтВм├втАЭтВм├втАЭтВм├втАЭтВм├втАЭтВм├втАЭтВм├втАЭтВм├втАЭтВм├втАЭтВм├втАЭтВм├втАЭ┬┤├втАЭтВм├втАЭтВм├втАЭтВм├втАЭтВм├втАЭтВм├втАЭтВм├втАЭтВм├втАЭтВм├втАЭтВм├втАЭтВм├втАЭ┬┤├втАЭтВм├втАЭтВм├втАЭтВм├втАЭтВм├втАЭтВм├втАЭтВм├втАЭтВм├втАЭтВм├втАЭтВм├втАЭтВм├втАЭ┬┤├втАЭтВм├втАЭтВм├втАЭтВм├втАЭтВм├втАЭтВм├втАЭтВм├втАЭтВм├втАЭтВм├втАЭтВм├втАЭтВм├втАЭ┬┤├втАЭтВм├втАЭтВм├втАЭтВм├втАЭ
тВм├втАЭтВм├втАЭтВм├втАЭтВм├втАЭтВм├втАЭтВм├втАЭтВм├втАЭ╦Ь
[--no-daemon] Continue to stream logs
[--no-daemon] Exit on target PM2 exit pid=13964
15:28:46 PM2      | App [fmb-timetracker:0] starting in -cluster mode-
15:28:46 PM2      | App [fmb-timetracker:0] online
15:28:46 PM2      | App name:fmb-timetracker id:0 disconnected
15:28:46 PM2      | App [fmb-timetracker:0] exited with code [1] via signal [SIGINT]
15:28:51 PM2      | App [fmb-timetracker:0] starting in -cluster mode-
15:28:52 PM2      | App [fmb-timetracker:0] online
15:28:52 PM2      | App name:fmb-timetracker id:0 disconnected
15:28:52 PM2      | App [fmb-timetracker:0] exited with code [1] via signal [SIGINT]
15:28:57 PM2      | App [fmb-timetracker:0] starting in -cluster mode-
15:28:57 PM2      | App [fmb-timetracker:0] online
15:28:57 PM2      | App name:fmb-timetracker id:0 disconnected
15:28:57 PM2      | App [fmb-timetracker:0] exited with code [1] via signal [SIGINT]
15:29:02 PM2      | App [fmb-timetracker:0] starting in -cluster mode-
15:29:02 PM2      | App [fmb-timetracker:0] online
15:29:02 PM2      | App name:fmb-timetracker id:0 disconnected
15:29:02 PM2      | App [fmb-timetracker:0] exited with code [1] via signal [SIGINT]
15:29:07 PM2      | App [fmb-timetracker:0] starting in -cluster mode-
15:29:07 PM2      | App [fmb-timetracker:0] online
15:29:07 PM2      | App name:fmb-timetracker id:0 disconnected
15:29:07 PM2      | App [fmb-timetracker:0] exited with code [1] via signal [SIGINT]
15:29:12 PM2      | App [fmb-timetracker:0] starting in -cluster mode-
15:29:12 PM2      | App [fmb-timetracker:0] online
15:29:12 PM2      | App name:fmb-timetracker id:0 disconnected
15:29:12 PM2      | App [fmb-timetracker:0] exited with code [1] via signal [SIGINT]
15:29:17 PM2      | App [fmb-timetracker:0] starting in -cluster mode-
15:29:17 PM2      | App [fmb-timetracker:0] online
15:29:17 PM2      | App name:fmb-timetracker id:0 disconnected
15:29:17 PM2      | App [fmb-timetracker:0] exited with code [1] via signal [SIGINT]
15:29:22 PM2      | App [fmb-timetracker:0] starting in -cluster mode-
15:29:22 PM2      | App [fmb-timetracker:0] online
15:29:22 PM2      | App name:fmb-timetracker id:0 disconnected
15:29:22 PM2      | App [fmb-timetracker:0] exited with code [1] via signal [SIGINT]
15:29:27 PM2      | App [fmb-timetracker:0] starting in -cluster mode-
15:29:28 PM2      | App [fmb-timetracker:0] online
15:29:28 PM2      | App name:fmb-timetracker id:0 disconnected
15:29:28 PM2      | App [fmb-timetracker:0] exited with code [1] via signal [SIGINT]
15:29:28 PM2      | Script C:\fmb-timetracker\dist\index.js had too many unstable restarts (10). Stopped. "errored"
